<?xml version="1.0" encoding="UTF-8"?>
<testsuite xmlns:xsi="http://www.w3.org/2001/XMLSchema-instance" xsi:noNamespaceSchemaLocation="https://maven.apache.org/surefire/maven-surefire-plugin/xsd/surefire-test-report.xsd" name="com.redshift.redshiftdatacenter.HelloAppEngineTest" time="0.678" tests="2" errors="0" skipped="0" failures="0">
  <properties>
[...]
</properties>
  <testcase name="helloInfoTest" classname="com.redshift.redshiftdatacenter.HelloAppEngineTest" time="0.413"/>
  <testcase name="doGetWritesResponse" classname="com.redshift.redshiftdatacenter.HelloAppEngineTest" time="0.011"/>
</testsuite>